#
# A fatal error has been detected by the Java Runtime Environment:
#
#  EXCEPTION_ACCESS_VIOLATION (0xc0000005) at pc=0x61ad9627, pid=1856, tid=684
#
# JRE version: Java(TM) SE Runtime Environment (7.0_45-b18) (build 1.7.0_45-b18)
# Java VM: Java HotSpot(TM) Client VM (24.45-b08 mixed mode, sharing windows-x86 )
# Problematic frame:
# V  [jvm.dll+0x69627]
#
# Failed to write core dump. Minidumps are not enabled by default on client versions of Windows
#
# If you would like to submit a bug report, please visit:
#   http://bugreport.sun.com/bugreport/crash.jsp
#

---------------  T H R E A D  ---------------

Current thread (0x00e3c000):  JavaThread "main" [_thread_in_vm, id=684, stack(0x01db0000,0x01e00000)]

siginfo: ExceptionCode=0xc0000005, reading address 0x00000022

Registers:
EAX=0x00000000, EBX=0x00e3c000, ECX=0x38b5bfe4, EDX=0x00000000
ESP=0x01dfe3f0, EBP=0x01dfe3f0, ESI=0x38b5bfe4, EDI=0x38b5bfe4
EIP=0x61ad9627, EFLAGS=0x00010202

Top of Stack: (sp=0x01dfe3f0)
0x01dfe3f0:   01dfe404 61b27576 00e3c9b0 00e36988
0x01dfe400:   38b5bfe4 01dfe454 61ab1e62 00e3c9b0
0x01dfe410:   00e3c000 00000000 00e3c000 396af8f0
0x01dfe420:   00000000 00000000 ffff0000 77c7248a
0x01dfe430:   01dfe4b0 00e3c000 00e3c98c 00000001
0x01dfe440:   61c10001 0000005f 00000007 00000028
0x01dfe450:   00e3c990 01dfe4ec 61ab23f7 01dfe4e8
0x01dfe460:   00e3c980 00000000 00e3c000 396af8f0 

Instructions: (pc=0x61ad9627)
0x61ad9607:   08 83 e0 01 83 c8 02 5d c3 a8 01 74 07 b8 01 00
0x61ad9617:   00 00 5d c3 80 3d cb 70 d8 61 00 74 14 8b 41 08
0x61ad9627:   66 83 78 22 01 75 0a 80 79 24 99 75 04 33 c0 5d
0x61ad9637:   c3 e8 83 d5 04 00 84 c0 74 07 b8 04 00 00 00 5d 


Register to memory mapping:

EAX=0x00000000 is an unknown value
EBX=0x00e3c000 is a thread
ECX=0x38b5bfe4 is pointing into object: 0x38b5bfe0
{method} 
 - klass: {other class}
EDX=0x00000000 is an unknown value
ESP=0x01dfe3f0 is pointing into the stack for thread: 0x00e3c000
EBP=0x01dfe3f0 is pointing into the stack for thread: 0x00e3c000
ESI=0x38b5bfe4 is pointing into object: 0x38b5bfe0
{method} 
 - klass: {other class}
EDI=0x38b5bfe4 is pointing into object: 0x38b5bfe0
{method} 
 - klass: {other class}


Stack: [0x01db0000,0x01e00000],  sp=0x01dfe3f0,  free space=312k
Native frames: (J=compiled Java code, j=interpreted, Vv=VM code, C=native code)
V  [jvm.dll+0x69627]
V  [jvm.dll+0xb7576]
V  [jvm.dll+0x41e62]
V  [jvm.dll+0x423f7]
V  [jvm.dll+0x4365a]
V  [jvm.dll+0x43dcd]
V  [jvm.dll+0x3fc36]
V  [jvm.dll+0x41cac]
V  [jvm.dll+0x423f7]
V  [jvm.dll+0x4365a]
V  [jvm.dll+0x43dcd]
V  [jvm.dll+0x43e1a]
V  [jvm.dll+0x95d5d]
V  [jvm.dll+0x96f73]
V  [jvm.dll+0x71779]
V  [jvm.dll+0x71aa7]
V  [jvm.dll+0x6dc30]
j  sun.awt.AppContext$2.run()Ljava/lang/Void;+27
j  sun.awt.AppContext$2.run()Ljava/lang/Object;+1
v  ~StubRoutines::call_stub
V  [jvm.dll+0x13f1fa]
V  [jvm.dll+0x202aee]
V  [jvm.dll+0x13f27d]
V  [jvm.dll+0xfa85a]
C  [java.dll+0x1015]
j  sun.awt.AppContext.initMainAppContext()V+7
j  sun.awt.AppContext.access$200()V+0
j  sun.awt.AppContext$3.run()Lsun/awt/AppContext;+34
j  sun.awt.AppContext$3.run()Ljava/lang/Object;+1
v  ~StubRoutines::call_stub
V  [jvm.dll+0x13f1fa]
V  [jvm.dll+0x202aee]
V  [jvm.dll+0x13f27d]
V  [jvm.dll+0xfa85a]
C  [java.dll+0x1015]
j  sun.awt.AppContext.getAppContext()Lsun/awt/AppContext;+42
j  javax.imageio.spi.IIORegistry.getDefaultInstance()Ljavax/imageio/spi/IIORegistry;+0
j  javax.imageio.ImageIO.<clinit>()V+0
v  ~StubRoutines::call_stub
V  [jvm.dll+0x13f1fa]
V  [jvm.dll+0x202aee]
V  [jvm.dll+0x13f27d]
V  [jvm.dll+0xa6436]
V  [jvm.dll+0xa6e3e]
V  [jvm.dll+0xa7294]
V  [jvm.dll+0xa75a8]
V  [jvm.dll+0x70f7e]
V  [jvm.dll+0x717e6]
V  [jvm.dll+0x71aa7]
V  [jvm.dll+0x6dc30]
j  ConvertImage.convertImage(Ljava/lang/String;)V+8
j  ConvertImage.main([Ljava/lang/String;)V+40
v  ~StubRoutines::call_stub
V  [jvm.dll+0x13f1fa]
V  [jvm.dll+0x202aee]
V  [jvm.dll+0x13f27d]
V  [jvm.dll+0xc9945]
V  [jvm.dll+0xd45e7]
C  [javaw.exe+0x2070]
C  [javaw.exe+0xa5b1]
C  [javaw.exe+0xa63b]
C  [kernel32.dll+0x51174]
C  [ntdll.dll+0x5b3f5]
C  [ntdll.dll+0x5b3c8]

Java frames: (J=compiled Java code, j=interpreted, Vv=VM code)
j  sun.awt.AppContext$2.run()Ljava/lang/Void;+27
j  sun.awt.AppContext$2.run()Ljava/lang/Object;+1
v  ~StubRoutines::call_stub
j  java.security.AccessController.doPrivileged(Ljava/security/PrivilegedAction;)Ljava/lang/Object;+0
j  sun.awt.AppContext.initMainAppContext()V+7
j  sun.awt.AppContext.access$200()V+0
j  sun.awt.AppContext$3.run()Lsun/awt/AppContext;+34
j  sun.awt.AppContext$3.run()Ljava/lang/Object;+1
v  ~StubRoutines::call_stub
j  java.security.AccessController.doPrivileged(Ljava/security/PrivilegedAction;)Ljava/lang/Object;+0
j  sun.awt.AppContext.getAppContext()Lsun/awt/AppContext;+42
j  javax.imageio.spi.IIORegistry.getDefaultInstance()Ljavax/imageio/spi/IIORegistry;+0
j  javax.imageio.ImageIO.<clinit>()V+0
v  ~StubRoutines::call_stub
j  ConvertImage.convertImage(Ljava/lang/String;)V+8
j  ConvertImage.main([Ljava/lang/String;)V+40
v  ~StubRoutines::call_stub

---------------  P R O C E S S  ---------------

Java Threads: ( => current thread )
  0x01bcb800 JavaThread "Service Thread" daemon [_thread_blocked, id=4676, stack(0x03e10000,0x03e60000)]
  0x01bc6c00 JavaThread "C1 CompilerThread0" daemon [_thread_blocked, id=5404, stack(0x04210000,0x04260000)]
  0x01bc1800 JavaThread "Attach Listener" daemon [_thread_blocked, id=400, stack(0x041c0000,0x04210000)]
  0x01bbe800 JavaThread "Signal Dispatcher" daemon [_thread_blocked, id=5604, stack(0x04050000,0x040a0000)]
  0x01b54c00 JavaThread "Finalizer" daemon [_thread_blocked, id=2672, stack(0x03fd0000,0x04020000)]
  0x01b4f800 JavaThread "Reference Handler" daemon [_thread_blocked, id=5456, stack(0x03f20000,0x03f70000)]
=>0x00e3c000 JavaThread "main" [_thread_in_vm, id=684, stack(0x01db0000,0x01e00000)]

Other Threads:
  0x01b4e400 VMThread [stack: 0x03e80000,0x03ed0000] [id=4540]
  0x01be4c00 WatcherThread [stack: 0x04260000,0x042b0000] [id=1308]

VM state:not at safepoint (normal execution)

VM Mutex/Monitor currently owned by a thread: None

Heap
 def new generation   total 4928K, used 393K [0x24060000, 0x245b0000, 0x295b0000)
  eden space 4416K,   8% used [0x24060000, 0x240c26c0, 0x244b0000)
  from space 512K,   0% used [0x244b0000, 0x244b0000, 0x24530000)
  to   space 512K,   0% used [0x24530000, 0x24530000, 0x245b0000)
 tenured generation   total 10944K, used 0K [0x295b0000, 0x2a060000, 0x34060000)
   the space 10944K,   0% used [0x295b0000, 0x295b0000, 0x295b0200, 0x2a060000)
 compacting perm gen  total 12288K, used 219K [0x34060000, 0x34c60000, 0x38060000)
   the space 12288K,   1% used [0x34060000, 0x34096ff8, 0x34097000, 0x34c60000)
    ro space 10240K,  41% used [0x38060000, 0x38491a78, 0x38491c00, 0x38a60000)
    rw space 12288K,  52% used [0x38a60000, 0x390a62c0, 0x390a6400, 0x39660000)

Card table byte_map: [0x01c20000,0x01cd0000] byte_map_base: 0x01affd00

Polling page: 0x00db0000

Code Cache  [0x01e00000, 0x01e98000, 0x03e00000)
 total_blobs=137 nmethods=7 adapters=68 free_code_cache=32185Kb largest_free_block=32958144

Compilation events (10 events):
Event: 0.065 Thread 0x01bc6c00    3             java.lang.String::hashCode (55 bytes)
Event: 0.065 Thread 0x01bc6c00 nmethod 3 0x01e90b88 code [0x01e90c80, 0x01e90d60]
Event: 0.065 Thread 0x01bc6c00    4             java.lang.String::indexOf (70 bytes)
Event: 0.066 Thread 0x01bc6c00 nmethod 4 0x01e90e88 code [0x01e90fa0, 0x01e910dc]
Event: 0.071 Thread 0x01bc6c00    5             java.lang.Object::<init> (1 bytes)
Event: 0.071 Thread 0x01bc6c00 nmethod 5 0x01e91208 code [0x01e91300, 0x01e91390]
Event: 0.072 Thread 0x01bc6c00    6             java.lang.String::lastIndexOf (52 bytes)
Event: 0.072 Thread 0x01bc6c00 nmethod 6 0x01e91408 code [0x01e91510, 0x01e9161c]
Event: 0.073 Thread 0x01bc6c00    7             java.lang.AbstractStringBuilder::ensureCapacityInternal (16 bytes)
Event: 0.073 Thread 0x01bc6c00 nmethod 7 0x01e91708 code [0x01e91810, 0x01e918bc]

GC Heap History (0 events):
No events

Deoptimization events (0 events):
No events

Internal exceptions (10 events):
Event: 0.074 Thread 0x00e3c000 Threw 0x240a5cb8 at C:\re\jdk7u45\229\hotspot\src\share\vm\prims\jni.cpp:717
Event: 0.074 Thread 0x00e3c000 Threw 0x240a5e20 at C:\re\jdk7u45\229\hotspot\src\share\vm\prims\jni.cpp:717
Event: 0.074 Thread 0x00e3c000 Threw 0x240a5fb8 at C:\re\jdk7u45\229\hotspot\src\share\vm\prims\jni.cpp:717
Event: 0.074 Thread 0x00e3c000 Threw 0x240a6120 at C:\re\jdk7u45\229\hotspot\src\share\vm\prims\jni.cpp:717
Event: 0.075 Thread 0x00e3c000 Threw 0x240ac578 at C:\re\jdk7u45\229\hotspot\src\share\vm\prims\jni.cpp:717
Event: 0.075 Thread 0x00e3c000 Threw 0x240ac710 at C:\re\jdk7u45\229\hotspot\src\share\vm\prims\jni.cpp:717
Event: 0.075 Thread 0x00e3c000 Threw 0x240ac878 at C:\re\jdk7u45\229\hotspot\src\share\vm\prims\jni.cpp:717
Event: 0.075 Thread 0x00e3c000 Threw 0x240acc28 at C:\re\jdk7u45\229\hotspot\src\share\vm\prims\jni.cpp:717
Event: 0.075 Thread 0x00e3c000 Threw 0x240acdc0 at C:\re\jdk7u45\229\hotspot\src\share\vm\prims\jni.cpp:717
Event: 0.075 Thread 0x00e3c000 Threw 0x240acf28 at C:\re\jdk7u45\229\hotspot\src\share\vm\prims\jni.cpp:717

Events (10 events):
Event: 0.078 loading class 0x01b57ef8
Event: 0.078 loading class 0x01bbaeb8
Event: 0.078 loading class 0x01bbaeb8 done
Event: 0.079 loading class 0x01b57ef8 done
Event: 0.079 loading class 0x01bbaf10
Event: 0.079 loading class 0x01bbaf10 done
Event: 0.079 loading class 0x396d1308
Event: 0.080 loading class 0x396977c0
Event: 0.080 loading class 0x396977c0 done
Event: 0.080 loading class 0x396d1308 done


Dynamic libraries:
0x00ef0000 - 0x00f1f000 	C:\Program Files\Java\jre7\bin\javaw.exe
0x77c20000 - 0x77d5c000 	C:\Windows\SYSTEM32\ntdll.dll
0x76140000 - 0x76214000 	C:\Windows\system32\kernel32.dll
0x75f40000 - 0x75f8a000 	C:\Windows\system32\KERNELBASE.dll
0x76920000 - 0x769c0000 	C:\Windows\system32\ADVAPI32.dll
0x766e0000 - 0x7678c000 	C:\Windows\system32\msvcrt.dll
0x769c0000 - 0x769d9000 	C:\Windows\SYSTEM32\sechost.dll
0x76870000 - 0x76911000 	C:\Windows\system32\RPCRT4.dll
0x767a0000 - 0x76869000 	C:\Windows\system32\USER32.dll
0x765f0000 - 0x7663e000 	C:\Windows\system32\GDI32.dll
0x77d90000 - 0x77d9a000 	C:\Windows\system32\LPK.dll
0x77b80000 - 0x77c1d000 	C:\Windows\system32\USP10.dll
0x74710000 - 0x748ae000 	C:\Windows\WinSxS\x86_microsoft.windows.common-controls_6595b64144ccf1df_6.0.7600.16385_none_421189da2b7fabfc\COMCTL32.dll
0x77df0000 - 0x77e47000 	C:\Windows\system32\SHLWAPI.dll
0x77d70000 - 0x77d8f000 	C:\Windows\system32\IMM32.DLL
0x76070000 - 0x7613c000 	C:\Windows\system32\MSCTF.dll
0x10000000 - 0x10058000 	C:\Windows\system32\guard32.dll
0x75d50000 - 0x75d59000 	C:\Windows\system32\VERSION.dll
0x75d40000 - 0x75d47000 	C:\Windows\system32\fltlib.dll
0x6f850000 - 0x6f90f000 	C:\Program Files\Java\jre7\bin\msvcr100.dll
0x61a70000 - 0x61df0000 	C:\Program Files\Java\jre7\bin\client\jvm.dll
0x6d350000 - 0x6d357000 	C:\Windows\system32\WSOCK32.dll
0x76b40000 - 0x76b75000 	C:\Windows\system32\WS2_32.dll
0x76790000 - 0x76796000 	C:\Windows\system32\NSI.dll
0x74e80000 - 0x74eb2000 	C:\Windows\system32\WINMM.dll
0x77d60000 - 0x77d65000 	C:\Windows\system32\PSAPI.DLL
0x73df0000 - 0x73dfc000 	C:\Program Files\Java\jre7\bin\verify.dll
0x6f830000 - 0x6f850000 	C:\Program Files\Java\jre7\bin\java.dll
0x705d0000 - 0x705e3000 	C:\Program Files\Java\jre7\bin\zip.dll
0x75110000 - 0x751fb000 	C:\Windows\system32\dbghelp.dll

VM Arguments:
java_command: C:\Users\mcruz\Documents\GitHub\Promto-Autohotkey\Lib\ConvertImage.jar
Launcher Type: SUN_STANDARD

Environment Variables:
JAVA_HOME=c:\jruby-1.7.4\jre
PATH=C:\Windows\system32;C:\Windows;C:\Windows\System32\Wbem;C:\Windows\System32\WindowsPowerShell\v1.0\;C:\Program Files\Git\cmd;c:\jruby-1.7.4\bin;C:\Program Files\Common Files\Shoes\0.r1514\..;C:\Dropbox\Sublime;C:\Program Files\Java\jdk1.7.0_45\bin
USERNAME=mcruz
OS=Windows_NT
PROCESSOR_IDENTIFIER=x86 Family 6 Model 15 Stepping 13, GenuineIntel



---------------  S Y S T E M  ---------------

OS: Windows 7 Build 7600 

CPU:total 2 (2 cores per cpu, 1 threads per core) family 6 model 15 stepping 13, cmov, cx8, fxsr, mmx, sse, sse2, sse3, ssse3, tsc

Memory: 4k page, physical 3396784k(1228216k free), swap 6791804k(4193156k free)

vm_info: Java HotSpot(TM) Client VM (24.45-b08) for windows-x86 JRE (1.7.0_45-b18), built on Oct  8 2013 06:02:43 by "java_re" with unknown MS VC++:1600

time: Mon Feb 17 17:02:33 2014
elapsed time: 0 seconds

