#
# A fatal error has been detected by the Java Runtime Environment:
#
#  EXCEPTION_ACCESS_VIOLATION (0xc0000005) at pc=0x6316ccd4, pid=2872, tid=908
#
# JRE version: Java(TM) SE Runtime Environment (7.0_45-b18) (build 1.7.0_45-b18)
# Java VM: Java HotSpot(TM) Client VM (24.45-b08 mixed mode, sharing windows-x86 )
# Problematic frame:
# V  [jvm.dll+0xbccd4]
#
# Failed to write core dump. Minidumps are not enabled by default on client versions of Windows
#
# If you would like to submit a bug report, please visit:
#   http://bugreport.sun.com/bugreport/crash.jsp
#

---------------  T H R E A D  ---------------

Current thread (0x01e6c000):  JavaThread "main" [_thread_in_vm, id=908, stack(0x01380000,0x013d0000)]

siginfo: ExceptionCode=0xc0000005, reading address 0x00000008

Registers:
EAX=0x01e6c7d4, EBX=0x00000000, ECX=0x00000000, EDX=0x39677608
ESP=0x013cf4c4, EBP=0x013cf604, ESI=0x00000000, EDI=0x01e66850
EIP=0x6316ccd4, EFLAGS=0x00010246

Top of Stack: (sp=0x013cf4c4)
0x013cf4c4:   01e66850 01e6c000 6311f9ed 380f16e6
0x013cf4d4:   000000b5 01e6c000 631e5e03 01e6c808
0x013cf4e4:   ffffffff 013cf4f8 6311e4df 01e6c808
0x013cf4f4:   ffffffff 013cf540 6312093e 01e6c7fc
0x013cf504:   01e6c804 01e6c3e0 01e6c3e8 01e6c7d4
0x013cf514:   000003ec 013cf69c 63106808 00000428
0x013cf524:   00000000 013cf538 39677608 00000000
0x013cf534:   0100f574 02050634 013cf550 630ff168 

Instructions: (pc=0x6316ccd4)
0x6316ccb4:   5e 5f 5d c2 08 00 8b 45 08 5f 5d c2 08 00 cc cc
0x6316ccc4:   cc cc cc cc cc cc cc cc cc cc cc cc 56 57 8b f1
0x6316ccd4:   0f b7 7e 08 47 6a 00 57 e8 2f eb fc ff 83 c4 08
0x6316cce4:   85 ff 7e 29 0f b7 4e 08 8d 57 ff 3b d1 7c 02 8b 


Register to memory mapping:

EAX=0x01e6c7d4 is an unknown value
EBX=0x00000000 is an unknown value
ECX=0x00000000 is an unknown value
EDX=0x39677608 is an unknown value
ESP=0x013cf4c4 is pointing into the stack for thread: 0x01e6c000
EBP=0x013cf604 is pointing into the stack for thread: 0x01e6c000
ESI=0x00000000 is an unknown value
EDI=0x01e66850 is an unknown value


Stack: [0x01380000,0x013d0000],  sp=0x013cf4c4,  free space=317k
Native frames: (J=compiled Java code, j=interpreted, Vv=VM code, C=native code)
V  [jvm.dll+0xbccd4]
V  [jvm.dll+0x70ee2]
V  [jvm.dll+0x6d069]
j  java.awt.Component.updateGraphicsData(Ljava/awt/GraphicsConfiguration;)Z+6
j  java.awt.Container.updateGraphicsData(Ljava/awt/GraphicsConfiguration;)Z+6
j  java.awt.Component.setGraphicsConfiguration(Ljava/awt/GraphicsConfiguration;)V+9
j  java.awt.Container.addImpl(Ljava/awt/Component;Ljava/lang/Object;I)V+149
j  java.awt.Container.add(Ljava/awt/Component;Ljava/lang/Object;)V+4
j  javax.swing.plaf.basic.BasicOptionPaneUI.createMessageArea()Ljava/awt/Container;+130
j  javax.swing.plaf.basic.BasicOptionPaneUI.installComponents()V+5
j  javax.swing.plaf.basic.BasicOptionPaneUI.installUI(Ljavax/swing/JComponent;)V+24
j  javax.swing.JComponent.setUI(Ljavax/swing/plaf/ComponentUI;)V+39
j  javax.swing.JOptionPane.setUI(Ljavax/swing/plaf/OptionPaneUI;)V+10
j  javax.swing.JOptionPane.updateUI()V+8
j  javax.swing.JOptionPane.<init>(Ljava/lang/Object;IILjavax/swing/Icon;[Ljava/lang/Object;Ljava/lang/Object;)V+52
j  javax.swing.JOptionPane.showOptionDialog(Ljava/awt/Component;Ljava/lang/Object;Ljava/lang/String;IILjavax/swing/Icon;[Ljava/lang/Object;Ljava/lang/Object;)I+14
j  javax.swing.JOptionPane.showMessageDialog(Ljava/awt/Component;Ljava/lang/Object;Ljava/lang/String;ILjavax/swing/Icon;)V+9
j  javax.swing.JOptionPane.showMessageDialog(Ljava/awt/Component;Ljava/lang/Object;Ljava/lang/String;I)V+5
j  ConvertImage.convertImage(Ljava/lang/String;)V+159
j  ConvertImage.main([Ljava/lang/String;)V+40
v  ~StubRoutines::call_stub
V  [jvm.dll+0x13f1fa]
V  [jvm.dll+0x202aee]
V  [jvm.dll+0x13f27d]
V  [jvm.dll+0xc9945]
V  [jvm.dll+0xd45e7]
C  [javaw.exe+0x2070]
C  [javaw.exe+0xa5b1]
C  [javaw.exe+0xa63b]
C  [kernel32.dll+0x51174]
C  [ntdll.dll+0x5b3f5]
C  [ntdll.dll+0x5b3c8]

Java frames: (J=compiled Java code, j=interpreted, Vv=VM code)
j  java.awt.Component.updateGraphicsData(Ljava/awt/GraphicsConfiguration;)Z+6
j  java.awt.Container.updateGraphicsData(Ljava/awt/GraphicsConfiguration;)Z+6
j  java.awt.Component.setGraphicsConfiguration(Ljava/awt/GraphicsConfiguration;)V+9
j  java.awt.Container.addImpl(Ljava/awt/Component;Ljava/lang/Object;I)V+149
j  java.awt.Container.add(Ljava/awt/Component;Ljava/lang/Object;)V+4
j  javax.swing.plaf.basic.BasicOptionPaneUI.createMessageArea()Ljava/awt/Container;+130
j  javax.swing.plaf.basic.BasicOptionPaneUI.installComponents()V+5
j  javax.swing.plaf.basic.BasicOptionPaneUI.installUI(Ljavax/swing/JComponent;)V+24
j  javax.swing.JComponent.setUI(Ljavax/swing/plaf/ComponentUI;)V+39
j  javax.swing.JOptionPane.setUI(Ljavax/swing/plaf/OptionPaneUI;)V+10
j  javax.swing.JOptionPane.updateUI()V+8
j  javax.swing.JOptionPane.<init>(Ljava/lang/Object;IILjavax/swing/Icon;[Ljava/lang/Object;Ljava/lang/Object;)V+52
j  javax.swing.JOptionPane.showOptionDialog(Ljava/awt/Component;Ljava/lang/Object;Ljava/lang/String;IILjavax/swing/Icon;[Ljava/lang/Object;Ljava/lang/Object;)I+14
j  javax.swing.JOptionPane.showMessageDialog(Ljava/awt/Component;Ljava/lang/Object;Ljava/lang/String;ILjavax/swing/Icon;)V+9
j  javax.swing.JOptionPane.showMessageDialog(Ljava/awt/Component;Ljava/lang/Object;Ljava/lang/String;I)V+5
j  ConvertImage.convertImage(Ljava/lang/String;)V+159
j  ConvertImage.main([Ljava/lang/String;)V+40
v  ~StubRoutines::call_stub

---------------  P R O C E S S  ---------------

Java Threads: ( => current thread )
  0x04406800 JavaThread "Image Fetcher 0" daemon [_thread_blocked, id=3780, stack(0x04860000,0x048b0000)]
  0x043de000 JavaThread "AWT-Windows" daemon [_thread_in_native, id=4788, stack(0x04590000,0x045e0000)]
  0x043c4000 JavaThread "AWT-Shutdown" [_thread_blocked, id=2404, stack(0x046f0000,0x04740000)]
  0x01e4c000 JavaThread "Java2D Disposer" daemon [_thread_blocked, id=6108, stack(0x04070000,0x040c0000)]
  0x01df7c00 JavaThread "Service Thread" daemon [_thread_blocked, id=3256, stack(0x041a0000,0x041f0000)]
  0x01df2c00 JavaThread "C1 CompilerThread0" daemon [_thread_blocked, id=5444, stack(0x04260000,0x042b0000)]
  0x01df1800 JavaThread "Attach Listener" daemon [_thread_blocked, id=4912, stack(0x04150000,0x041a0000)]
  0x01dee800 JavaThread "Signal Dispatcher" daemon [_thread_blocked, id=3688, stack(0x01eb0000,0x01f00000)]
  0x01d84c00 JavaThread "Finalizer" daemon [_thread_blocked, id=2572, stack(0x019f0000,0x01a40000)]
  0x01d7f800 JavaThread "Reference Handler" daemon [_thread_blocked, id=1312, stack(0x019a0000,0x019f0000)]
=>0x01e6c000 JavaThread "main" [_thread_in_vm, id=908, stack(0x01380000,0x013d0000)]

Other Threads:
  0x01d7e400 VMThread [stack: 0x01f20000,0x01f70000] [id=664]
  0x01e15000 WatcherThread [stack: 0x040f0000,0x04140000] [id=4848]

VM state:not at safepoint (normal execution)

VM Mutex/Monitor currently owned by a thread: None

Heap
 def new generation   total 4928K, used 3633K [0x24060000, 0x245b0000, 0x295b0000)
  eden space 4416K,  82% used [0x24060000, 0x243ec768, 0x244b0000)
  from space 512K,   0% used [0x244b0000, 0x244b0000, 0x24530000)
  to   space 512K,   0% used [0x24530000, 0x24530000, 0x245b0000)
 tenured generation   total 10944K, used 0K [0x295b0000, 0x2a060000, 0x34060000)
   the space 10944K,   0% used [0x295b0000, 0x295b0000, 0x295b0200, 0x2a060000)
 compacting perm gen  total 12288K, used 818K [0x34060000, 0x34c60000, 0x38060000)
   the space 12288K,   6% used [0x34060000, 0x3412c8a8, 0x3412ca00, 0x34c60000)
    ro space 10240K,  41% used [0x38060000, 0x38491a78, 0x38491c00, 0x38a60000)
    rw space 12288K,  52% used [0x38a60000, 0x390a62c0, 0x390a6400, 0x39660000)

Card table byte_map: [0x01260000,0x01310000] byte_map_base: 0x0113fd00

Polling page: 0x00580000

Code Cache  [0x02040000, 0x020f0000, 0x04040000)
 total_blobs=230 nmethods=45 adapters=122 free_code_cache=32076Kb largest_free_block=32846080

Compilation events (10 events):
Event: 0.222 Thread 0x01df2c00 nmethod 40 0x020e6d48 code [0x020e6ea0, 0x020e70c8]
Event: 0.224 Thread 0x01df2c00   41             java.io.Win32FileSystem::isSlash (18 bytes)
Event: 0.224 Thread 0x01df2c00 nmethod 41 0x020e76c8 code [0x020e77c0, 0x020e7870]
Event: 0.226 Thread 0x01df2c00   42             java.lang.String::replace (127 bytes)
Event: 0.226 Thread 0x01df2c00 nmethod 42 0x020e78c8 code [0x020e79e0, 0x020e7c50]
Event: 0.226 Thread 0x01df2c00   43  s          java.lang.StringBuffer::append (8 bytes)
Event: 0.227 Thread 0x01df2c00 nmethod 43 0x020e7e88 code [0x020e7f90, 0x020e81bc]
Event: 0.232 Thread 0x01df2c00   44             java.io.Win32FileSystem::normalize (231 bytes)
Event: 0.235 Thread 0x01df2c00 nmethod 44 0x020e84c8 code [0x020e8720, 0x020e9f1c]
Event: 0.239 Thread 0x01df2c00   45             sun.awt.image.PNGImageDecoder::filterRow (459 bytes)

GC Heap History (0 events):
No events

Deoptimization events (0 events):
No events

Internal exceptions (10 events):
Event: 0.130 Thread 0x01e6c000 Threw 0x2417ffa0 at C:\re\jdk7u45\229\hotspot\src\share\vm\prims\jni.cpp:717
Event: 0.130 Thread 0x01e6c000 Threw 0x24180108 at C:\re\jdk7u45\229\hotspot\src\share\vm\prims\jni.cpp:717
Event: 0.144 Thread 0x01e6c000 Threw 0x241eff70 at C:\re\jdk7u45\229\hotspot\src\share\vm\prims\jni.cpp:717
Event: 0.185 Thread 0x01e6c000 Threw 0x2436e190 at C:\re\jdk7u45\229\hotspot\src\share\vm\prims\jni.cpp:717
Event: 0.185 Thread 0x01e6c000 Threw 0x2436e328 at C:\re\jdk7u45\229\hotspot\src\share\vm\prims\jni.cpp:717
Event: 0.185 Thread 0x01e6c000 Threw 0x2436e490 at C:\re\jdk7u45\229\hotspot\src\share\vm\prims\jni.cpp:717
Event: 0.217 Thread 0x01e6c000 Threw 0x243a7c60 at C:\re\jdk7u45\229\hotspot\src\share\vm\prims\jvm.cpp:1244
Event: 0.217 Thread 0x01e6c000 Threw 0x243a8150 at C:\re\jdk7u45\229\hotspot\src\share\vm\prims\jvm.cpp:1244
Event: 0.219 Thread 0x01e6c000 Threw 0x243ab1f0 at C:\re\jdk7u45\229\hotspot\src\share\vm\prims\jvm.cpp:1244
Event: 0.219 Thread 0x01e6c000 Threw 0x243ab6e0 at C:\re\jdk7u45\229\hotspot\src\share\vm\prims\jvm.cpp:1244

Events (10 events):
Event: 0.234 loading class 0x3974fdc0 done
Event: 0.234 loading class 0x043d3d50
Event: 0.234 loading class 0x043d3d50 done
Event: 0.235 loading class 0x397033c8
Event: 0.235 loading class 0x397033c8 done
Event: 0.237 Thread 0x04406800 Thread added: 0x04406800
Event: 0.237 loading class 0x3974fde8
Event: 0.237 loading class 0x3974fde8 done
Event: 0.238 loading class 0x3975ba20
Event: 0.238 loading class 0x3975ba20 done


Dynamic libraries:
0x01330000 - 0x0135f000 	C:\Program Files\Java\jre7\bin\javaw.exe
0x77430000 - 0x7756c000 	C:\Windows\SYSTEM32\ntdll.dll
0x75e20000 - 0x75ef4000 	C:\Windows\system32\kernel32.dll
0x75830000 - 0x7587a000 	C:\Windows\system32\KERNELBASE.dll
0x77390000 - 0x77430000 	C:\Windows\system32\ADVAPI32.dll
0x775b0000 - 0x7765c000 	C:\Windows\system32\msvcrt.dll
0x77100000 - 0x77119000 	C:\Windows\SYSTEM32\sechost.dll
0x76e40000 - 0x76ee1000 	C:\Windows\system32\RPCRT4.dll
0x76ef0000 - 0x76fb9000 	C:\Windows\system32\USER32.dll
0x75f00000 - 0x75f4e000 	C:\Windows\system32\GDI32.dll
0x77120000 - 0x7712a000 	C:\Windows\system32\LPK.dll
0x75a90000 - 0x75b2d000 	C:\Windows\system32\USP10.dll
0x75220000 - 0x753be000 	C:\Windows\WinSxS\x86_microsoft.windows.common-controls_6595b64144ccf1df_6.0.7600.16385_none_421189da2b7fabfc\COMCTL32.dll
0x75f50000 - 0x75fa7000 	C:\Windows\system32\SHLWAPI.dll
0x75e00000 - 0x75e1f000 	C:\Windows\system32\IMM32.DLL
0x76120000 - 0x761ec000 	C:\Windows\system32\MSCTF.dll
0x10000000 - 0x10058000 	C:\Windows\system32\guard32.dll
0x75560000 - 0x75569000 	C:\Windows\system32\VERSION.dll
0x75550000 - 0x75557000 	C:\Windows\system32\fltlib.dll
0x6b330000 - 0x6b3ef000 	C:\Program Files\Java\jre7\bin\msvcr100.dll
0x630b0000 - 0x63430000 	C:\Program Files\Java\jre7\bin\client\jvm.dll
0x732d0000 - 0x732d7000 	C:\Windows\system32\WSOCK32.dll
0x76040000 - 0x76075000 	C:\Windows\system32\WS2_32.dll
0x77570000 - 0x77576000 	C:\Windows\system32\NSI.dll
0x74150000 - 0x74182000 	C:\Windows\system32\WINMM.dll
0x75a80000 - 0x75a85000 	C:\Windows\system32\PSAPI.DLL
0x735a0000 - 0x735ac000 	C:\Program Files\Java\jre7\bin\verify.dll
0x72420000 - 0x72440000 	C:\Program Files\Java\jre7\bin\java.dll
0x005b0000 - 0x005c3000 	C:\Program Files\Java\jre7\bin\zip.dll
0x6b1e0000 - 0x6b323000 	C:\Program Files\Java\jre7\bin\awt.dll
0x76080000 - 0x7610f000 	C:\Windows\system32\OLEAUT32.dll
0x77130000 - 0x7728c000 	C:\Windows\system32\ole32.dll
0x01e70000 - 0x01e95000 	C:\Program Files\Java\jre7\bin\jpeg.dll
0x73e80000 - 0x73e93000 	C:\Windows\system32\DWMAPI.DLL
0x73ea0000 - 0x73ee0000 	C:\Windows\system32\uxtheme.dll
0x754a0000 - 0x754ac000 	C:\Windows\system32\CRYPTBASE.dll
0x761f0000 - 0x76e39000 	C:\Windows\system32\SHELL32.dll
0x744f0000 - 0x745db000 	C:\Windows\system32\dbghelp.dll

VM Arguments:
java_command: C:\Users\mcruz\Documents\GitHub\Promto-Autohotkey\Lib\ConvertImage.jar
Launcher Type: SUN_STANDARD

Environment Variables:
JAVA_HOME=c:\jruby-1.7.4\jre
PATH=C:\Windows\system32;C:\Windows;C:\Windows\System32\Wbem;C:\Windows\System32\WindowsPowerShell\v1.0\;C:\Program Files\Git\cmd;c:\jruby-1.7.4\bin;C:\Program Files\Common Files\Shoes\0.r1514\..;C:\Dropbox\Sublime;C:\Program Files\Java\jdk1.7.0_45\bin
USERNAME=mcruz
OS=Windows_NT
PROCESSOR_IDENTIFIER=x86 Family 6 Model 15 Stepping 13, GenuineIntel



---------------  S Y S T E M  ---------------

OS: Windows 7 Build 7600 

CPU:total 2 (2 cores per cpu, 1 threads per core) family 6 model 15 stepping 13, cmov, cx8, fxsr, mmx, sse, sse2, sse3, ssse3, tsc

Memory: 4k page, physical 3396784k(1366636k free), swap 6791804k(4402292k free)

vm_info: Java HotSpot(TM) Client VM (24.45-b08) for windows-x86 JRE (1.7.0_45-b18), built on Oct  8 2013 06:02:43 by "java_re" with unknown MS VC++:1600

time: Wed Feb 19 16:08:52 2014
elapsed time: 0 seconds

