#
# A fatal error has been detected by the Java Runtime Environment:
#
#  EXCEPTION_ACCESS_VIOLATION (0xc0000005) at pc=0x621fccd4, pid=3532, tid=5520
#
# JRE version: Java(TM) SE Runtime Environment (7.0_45-b18) (build 1.7.0_45-b18)
# Java VM: Java HotSpot(TM) Client VM (24.45-b08 mixed mode, sharing windows-x86 )
# Problematic frame:
# V  [jvm.dll+0xbccd4]
#
# Failed to write core dump. Minidumps are not enabled by default on client versions of Windows
#
# If you would like to submit a bug report, please visit:
#   http://bugreport.sun.com/bugreport/crash.jsp
#

---------------  T H R E A D  ---------------

Current thread (0x01bfc000):  JavaThread "main" [_thread_in_vm, id=5520, stack(0x01d20000,0x01d70000)]

siginfo: ExceptionCode=0xc0000005, reading address 0x00000008

Registers:
EAX=0x01bfc7d4, EBX=0x00000000, ECX=0x00000000, EDX=0x39677608
ESP=0x01d6f524, EBP=0x01d6f664, ESI=0x00000000, EDI=0x01bf6850
EIP=0x621fccd4, EFLAGS=0x00010246

Top of Stack: (sp=0x01d6f524)
0x01d6f524:   01bf6850 01bfc000 621af9ed 380f16e6
0x01d6f534:   000000b5 01bfc000 62275e03 01bfc808
0x01d6f544:   ffffffff 01d6f558 621ae4df 01bfc808
0x01d6f554:   ffffffff 01d6f5a0 621b093e 01bfc7fc
0x01d6f564:   01bfc804 01bfc3e0 01bfc3e8 01bfc7d4
0x01d6f574:   000003ec 01d6f6fc 62196808 00000428
0x01d6f584:   00000000 01d6f598 39677608 00000000
0x01d6f594:   0100f5d4 01e00634 01d6f5b0 6218f168 

Instructions: (pc=0x621fccd4)
0x621fccb4:   5e 5f 5d c2 08 00 8b 45 08 5f 5d c2 08 00 cc cc
0x621fccc4:   cc cc cc cc cc cc cc cc cc cc cc cc 56 57 8b f1
0x621fccd4:   0f b7 7e 08 47 6a 00 57 e8 2f eb fc ff 83 c4 08
0x621fcce4:   85 ff 7e 29 0f b7 4e 08 8d 57 ff 3b d1 7c 02 8b 


Register to memory mapping:

EAX=0x01bfc7d4 is an unknown value
EBX=0x00000000 is an unknown value
ECX=0x00000000 is an unknown value
EDX=0x39677608 is an unknown value
ESP=0x01d6f524 is pointing into the stack for thread: 0x01bfc000
EBP=0x01d6f664 is pointing into the stack for thread: 0x01bfc000
ESI=0x00000000 is an unknown value
EDI=0x01bf6850 is an unknown value


Stack: [0x01d20000,0x01d70000],  sp=0x01d6f524,  free space=317k
Native frames: (J=compiled Java code, j=interpreted, Vv=VM code, C=native code)
V  [jvm.dll+0xbccd4]
V  [jvm.dll+0x70ee2]
V  [jvm.dll+0x6d069]
j  java.awt.Component.updateGraphicsData(Ljava/awt/GraphicsConfiguration;)Z+6
j  java.awt.Container.updateGraphicsData(Ljava/awt/GraphicsConfiguration;)Z+6
j  java.awt.Component.setGraphicsConfiguration(Ljava/awt/GraphicsConfiguration;)V+9
j  java.awt.Container.addImpl(Ljava/awt/Component;Ljava/lang/Object;I)V+149
j  java.awt.Container.add(Ljava/awt/Component;Ljava/lang/Object;)V+4
j  javax.swing.plaf.basic.BasicOptionPaneUI.createMessageArea()Ljava/awt/Container;+130
j  javax.swing.plaf.basic.BasicOptionPaneUI.installComponents()V+5
j  javax.swing.plaf.basic.BasicOptionPaneUI.installUI(Ljavax/swing/JComponent;)V+24
j  javax.swing.JComponent.setUI(Ljavax/swing/plaf/ComponentUI;)V+39
j  javax.swing.JOptionPane.setUI(Ljavax/swing/plaf/OptionPaneUI;)V+10
j  javax.swing.JOptionPane.updateUI()V+8
j  javax.swing.JOptionPane.<init>(Ljava/lang/Object;IILjavax/swing/Icon;[Ljava/lang/Object;Ljava/lang/Object;)V+52
j  javax.swing.JOptionPane.showOptionDialog(Ljava/awt/Component;Ljava/lang/Object;Ljava/lang/String;IILjavax/swing/Icon;[Ljava/lang/Object;Ljava/lang/Object;)I+14
j  javax.swing.JOptionPane.showMessageDialog(Ljava/awt/Component;Ljava/lang/Object;Ljava/lang/String;ILjavax/swing/Icon;)V+9
j  javax.swing.JOptionPane.showMessageDialog(Ljava/awt/Component;Ljava/lang/Object;Ljava/lang/String;I)V+5
j  ConvertImage.convertImage(Ljava/lang/String;)V+159
j  ConvertImage.main([Ljava/lang/String;)V+40
v  ~StubRoutines::call_stub
V  [jvm.dll+0x13f1fa]
V  [jvm.dll+0x202aee]
V  [jvm.dll+0x13f27d]
V  [jvm.dll+0xc9945]
V  [jvm.dll+0xd45e7]
C  [javaw.exe+0x2070]
C  [javaw.exe+0xa5b1]
C  [javaw.exe+0xa63b]
C  [kernel32.dll+0x51174]
C  [ntdll.dll+0x5b3f5]
C  [ntdll.dll+0x5b3c8]

Java frames: (J=compiled Java code, j=interpreted, Vv=VM code)
j  java.awt.Component.updateGraphicsData(Ljava/awt/GraphicsConfiguration;)Z+6
j  java.awt.Container.updateGraphicsData(Ljava/awt/GraphicsConfiguration;)Z+6
j  java.awt.Component.setGraphicsConfiguration(Ljava/awt/GraphicsConfiguration;)V+9
j  java.awt.Container.addImpl(Ljava/awt/Component;Ljava/lang/Object;I)V+149
j  java.awt.Container.add(Ljava/awt/Component;Ljava/lang/Object;)V+4
j  javax.swing.plaf.basic.BasicOptionPaneUI.createMessageArea()Ljava/awt/Container;+130
j  javax.swing.plaf.basic.BasicOptionPaneUI.installComponents()V+5
j  javax.swing.plaf.basic.BasicOptionPaneUI.installUI(Ljavax/swing/JComponent;)V+24
j  javax.swing.JComponent.setUI(Ljavax/swing/plaf/ComponentUI;)V+39
j  javax.swing.JOptionPane.setUI(Ljavax/swing/plaf/OptionPaneUI;)V+10
j  javax.swing.JOptionPane.updateUI()V+8
j  javax.swing.JOptionPane.<init>(Ljava/lang/Object;IILjavax/swing/Icon;[Ljava/lang/Object;Ljava/lang/Object;)V+52
j  javax.swing.JOptionPane.showOptionDialog(Ljava/awt/Component;Ljava/lang/Object;Ljava/lang/String;IILjavax/swing/Icon;[Ljava/lang/Object;Ljava/lang/Object;)I+14
j  javax.swing.JOptionPane.showMessageDialog(Ljava/awt/Component;Ljava/lang/Object;Ljava/lang/String;ILjavax/swing/Icon;)V+9
j  javax.swing.JOptionPane.showMessageDialog(Ljava/awt/Component;Ljava/lang/Object;Ljava/lang/String;I)V+5
j  ConvertImage.convertImage(Ljava/lang/String;)V+159
j  ConvertImage.main([Ljava/lang/String;)V+40
v  ~StubRoutines::call_stub

---------------  P R O C E S S  ---------------

Java Threads: ( => current thread )
  0x0436cc00 JavaThread "Image Fetcher 0" daemon [_thread_blocked, id=4396, stack(0x04cb0000,0x04d00000)]
  0x0432a800 JavaThread "AWT-Windows" daemon [_thread_in_native, id=5436, stack(0x04570000,0x045c0000)]
  0x04353c00 JavaThread "AWT-Shutdown" [_thread_blocked, id=2352, stack(0x046b0000,0x04700000)]
  0x0431e400 JavaThread "Java2D Disposer" daemon [_thread_blocked, id=1116, stack(0x04510000,0x04560000)]
  0x01b2d000 JavaThread "Service Thread" daemon [_thread_blocked, id=5600, stack(0x041d0000,0x04220000)]
  0x01b22c00 JavaThread "C1 CompilerThread0" daemon [_thread_blocked, id=5904, stack(0x03f10000,0x03f60000)]
  0x01b21800 JavaThread "Attach Listener" daemon [_thread_blocked, id=4760, stack(0x040f0000,0x04140000)]
  0x01b1e800 JavaThread "Signal Dispatcher" daemon [_thread_blocked, id=1592, stack(0x03eb0000,0x03f00000)]
  0x01ab4c00 JavaThread "Finalizer" daemon [_thread_blocked, id=4200, stack(0x03f90000,0x03fe0000)]
  0x01aaf800 JavaThread "Reference Handler" daemon [_thread_blocked, id=4940, stack(0x04030000,0x04080000)]
=>0x01bfc000 JavaThread "main" [_thread_in_vm, id=5520, stack(0x01d20000,0x01d70000)]

Other Threads:
  0x01aae400 VMThread [stack: 0x01c80000,0x01cd0000] [id=3744]
  0x01b4a400 WatcherThread [stack: 0x04170000,0x041c0000] [id=4668]

VM state:not at safepoint (normal execution)

VM Mutex/Monitor currently owned by a thread: None

Heap
 def new generation   total 4928K, used 2233K [0x24060000, 0x245b0000, 0x295b0000)
  eden space 4416K,  50% used [0x24060000, 0x2428e4f8, 0x244b0000)
  from space 512K,   0% used [0x244b0000, 0x244b0000, 0x24530000)
  to   space 512K,   0% used [0x24530000, 0x24530000, 0x245b0000)
 tenured generation   total 10944K, used 0K [0x295b0000, 0x2a060000, 0x34060000)
   the space 10944K,   0% used [0x295b0000, 0x295b0000, 0x295b0200, 0x2a060000)
 compacting perm gen  total 12288K, used 818K [0x34060000, 0x34c60000, 0x38060000)
   the space 12288K,   6% used [0x34060000, 0x3412c888, 0x3412ca00, 0x34c60000)
    ro space 10240K,  41% used [0x38060000, 0x38491a78, 0x38491c00, 0x38a60000)
    rw space 12288K,  52% used [0x38a60000, 0x390a62c0, 0x390a6400, 0x39660000)

Card table byte_map: [0x03df0000,0x03ea0000] byte_map_base: 0x03ccfd00

Polling page: 0x01210000

Code Cache  [0x01df0000, 0x01ea0000, 0x03df0000)
 total_blobs=230 nmethods=45 adapters=122 free_code_cache=32076Kb largest_free_block=32846080

Compilation events (10 events):
Event: 0.230 Thread 0x01b22c00 nmethod 40 0x01e97508 code [0x01e97600, 0x01e976b0]
Event: 0.231 Thread 0x01b22c00   41             java.lang.String::replace (127 bytes)
Event: 0.231 Thread 0x01b22c00 nmethod 41 0x01e97708 code [0x01e97820, 0x01e97a90]
Event: 0.231 Thread 0x01b22c00   42  s          java.lang.StringBuffer::append (8 bytes)
Event: 0.232 Thread 0x01b22c00 nmethod 42 0x01e97cc8 code [0x01e97dd0, 0x01e97ffc]
Event: 0.236 Thread 0x01b22c00   43             java.io.Win32FileSystem::normalize (231 bytes)
Event: 0.239 Thread 0x01b22c00 nmethod 43 0x01e98308 code [0x01e98560, 0x01e99d5c]
Event: 0.239 Thread 0x01b22c00   44             java.lang.Math::min (11 bytes)
Event: 0.239 Thread 0x01b22c00 nmethod 44 0x01e9b6c8 code [0x01e9b7c0, 0x01e9b830]
Event: 0.243 Thread 0x01b22c00   45             sun.awt.image.PNGImageDecoder::filterRow (459 bytes)

GC Heap History (0 events):
No events

Deoptimization events (0 events):
No events

Internal exceptions (10 events):
Event: 0.143 Thread 0x01bfc000 Threw 0x24124478 at C:\re\jdk7u45\229\hotspot\src\share\vm\prims\jni.cpp:717
Event: 0.143 Thread 0x01bfc000 Threw 0x241245e0 at C:\re\jdk7u45\229\hotspot\src\share\vm\prims\jni.cpp:717
Event: 0.157 Thread 0x01bfc000 Threw 0x24158138 at C:\re\jdk7u45\229\hotspot\src\share\vm\prims\jni.cpp:717
Event: 0.189 Thread 0x01bfc000 Threw 0x24214ae0 at C:\re\jdk7u45\229\hotspot\src\share\vm\prims\jni.cpp:717
Event: 0.189 Thread 0x01bfc000 Threw 0x24214c78 at C:\re\jdk7u45\229\hotspot\src\share\vm\prims\jni.cpp:717
Event: 0.189 Thread 0x01bfc000 Threw 0x24214de0 at C:\re\jdk7u45\229\hotspot\src\share\vm\prims\jni.cpp:717
Event: 0.225 Thread 0x01bfc000 Threw 0x2424e528 at C:\re\jdk7u45\229\hotspot\src\share\vm\prims\jvm.cpp:1244
Event: 0.225 Thread 0x01bfc000 Threw 0x2424ea18 at C:\re\jdk7u45\229\hotspot\src\share\vm\prims\jvm.cpp:1244
Event: 0.227 Thread 0x01bfc000 Threw 0x24251aa8 at C:\re\jdk7u45\229\hotspot\src\share\vm\prims\jvm.cpp:1244
Event: 0.227 Thread 0x01bfc000 Threw 0x24251f98 at C:\re\jdk7u45\229\hotspot\src\share\vm\prims\jvm.cpp:1244

Events (10 events):
Event: 0.238 loading class 0x3974fdc0 done
Event: 0.238 loading class 0x0433a378
Event: 0.238 loading class 0x0433a378 done
Event: 0.238 loading class 0x397033c8
Event: 0.239 loading class 0x397033c8 done
Event: 0.241 Thread 0x0436cc00 Thread added: 0x0436cc00
Event: 0.241 loading class 0x3974fde8
Event: 0.241 loading class 0x3974fde8 done
Event: 0.242 loading class 0x3975ba20
Event: 0.243 loading class 0x3975ba20 done


Dynamic libraries:
0x00300000 - 0x0032f000 	C:\Program Files\Java\jre7\bin\javaw.exe
0x77430000 - 0x7756c000 	C:\Windows\SYSTEM32\ntdll.dll
0x75e20000 - 0x75ef4000 	C:\Windows\system32\kernel32.dll
0x75830000 - 0x7587a000 	C:\Windows\system32\KERNELBASE.dll
0x77390000 - 0x77430000 	C:\Windows\system32\ADVAPI32.dll
0x775b0000 - 0x7765c000 	C:\Windows\system32\msvcrt.dll
0x77100000 - 0x77119000 	C:\Windows\SYSTEM32\sechost.dll
0x76e40000 - 0x76ee1000 	C:\Windows\system32\RPCRT4.dll
0x76ef0000 - 0x76fb9000 	C:\Windows\system32\USER32.dll
0x75f00000 - 0x75f4e000 	C:\Windows\system32\GDI32.dll
0x77120000 - 0x7712a000 	C:\Windows\system32\LPK.dll
0x75a90000 - 0x75b2d000 	C:\Windows\system32\USP10.dll
0x75220000 - 0x753be000 	C:\Windows\WinSxS\x86_microsoft.windows.common-controls_6595b64144ccf1df_6.0.7600.16385_none_421189da2b7fabfc\COMCTL32.dll
0x75f50000 - 0x75fa7000 	C:\Windows\system32\SHLWAPI.dll
0x75e00000 - 0x75e1f000 	C:\Windows\system32\IMM32.DLL
0x76120000 - 0x761ec000 	C:\Windows\system32\MSCTF.dll
0x10000000 - 0x10058000 	C:\Windows\system32\guard32.dll
0x75560000 - 0x75569000 	C:\Windows\system32\VERSION.dll
0x75550000 - 0x75557000 	C:\Windows\system32\fltlib.dll
0x6bb60000 - 0x6bc1f000 	C:\Program Files\Java\jre7\bin\msvcr100.dll
0x62140000 - 0x624c0000 	C:\Program Files\Java\jre7\bin\client\jvm.dll
0x732d0000 - 0x732d7000 	C:\Windows\system32\WSOCK32.dll
0x76040000 - 0x76075000 	C:\Windows\system32\WS2_32.dll
0x77570000 - 0x77576000 	C:\Windows\system32\NSI.dll
0x74150000 - 0x74182000 	C:\Windows\system32\WINMM.dll
0x75a80000 - 0x75a85000 	C:\Windows\system32\PSAPI.DLL
0x011d0000 - 0x011dc000 	C:\Program Files\Java\jre7\bin\verify.dll
0x011e0000 - 0x01200000 	C:\Program Files\Java\jre7\bin\java.dll
0x6f840000 - 0x6f853000 	C:\Program Files\Java\jre7\bin\zip.dll
0x6b410000 - 0x6b553000 	C:\Program Files\Java\jre7\bin\awt.dll
0x76080000 - 0x7610f000 	C:\Windows\system32\OLEAUT32.dll
0x77130000 - 0x7728c000 	C:\Windows\system32\ole32.dll
0x6f810000 - 0x6f835000 	C:\Program Files\Java\jre7\bin\jpeg.dll
0x73e80000 - 0x73e93000 	C:\Windows\system32\DWMAPI.DLL
0x73ea0000 - 0x73ee0000 	C:\Windows\system32\uxtheme.dll
0x754a0000 - 0x754ac000 	C:\Windows\system32\CRYPTBASE.dll
0x761f0000 - 0x76e39000 	C:\Windows\system32\SHELL32.dll
0x744f0000 - 0x745db000 	C:\Windows\system32\dbghelp.dll

VM Arguments:
java_command: C:\Users\mcruz\Documents\GitHub\Promto-Autohotkey\Lib\ConvertImage.jar
Launcher Type: SUN_STANDARD

Environment Variables:
JAVA_HOME=c:\jruby-1.7.4\jre
PATH=C:\Windows\system32;C:\Windows;C:\Windows\System32\Wbem;C:\Windows\System32\WindowsPowerShell\v1.0\;C:\Program Files\Git\cmd;c:\jruby-1.7.4\bin;C:\Program Files\Common Files\Shoes\0.r1514\..;C:\Dropbox\Sublime;C:\Program Files\Java\jdk1.7.0_45\bin
USERNAME=mcruz
OS=Windows_NT
PROCESSOR_IDENTIFIER=x86 Family 6 Model 15 Stepping 13, GenuineIntel



---------------  S Y S T E M  ---------------

OS: Windows 7 Build 7600 

CPU:total 2 (2 cores per cpu, 1 threads per core) family 6 model 15 stepping 13, cmov, cx8, fxsr, mmx, sse, sse2, sse3, ssse3, tsc

Memory: 4k page, physical 3396784k(1072508k free), swap 6791804k(4075636k free)

vm_info: Java HotSpot(TM) Client VM (24.45-b08) for windows-x86 JRE (1.7.0_45-b18), built on Oct  8 2013 06:02:43 by "java_re" with unknown MS VC++:1600

time: Wed Feb 19 16:44:23 2014
elapsed time: 0 seconds

