#
# A fatal error has been detected by the Java Runtime Environment:
#
#  EXCEPTION_ACCESS_VIOLATION (0xc0000005) at pc=0x6316ccd4, pid=5292, tid=4384
#
# JRE version: Java(TM) SE Runtime Environment (7.0_45-b18) (build 1.7.0_45-b18)
# Java VM: Java HotSpot(TM) Client VM (24.45-b08 mixed mode, sharing windows-x86 )
# Problematic frame:
# V  [jvm.dll+0xbccd4]
#
# Failed to write core dump. Minidumps are not enabled by default on client versions of Windows
#
# If you would like to submit a bug report, please visit:
#   http://bugreport.sun.com/bugreport/crash.jsp
#

---------------  T H R E A D  ---------------

Current thread (0x01c3c000):  JavaThread "main" [_thread_in_vm, id=4384, stack(0x01be0000,0x01c30000)]

siginfo: ExceptionCode=0xc0000005, reading address 0x00000008

Registers:
EAX=0x01c3c7d4, EBX=0x00000000, ECX=0x00000000, EDX=0x39677608
ESP=0x01c2ef54, EBP=0x01c2f094, ESI=0x00000000, EDI=0x01c36850
EIP=0x6316ccd4, EFLAGS=0x00010246

Top of Stack: (sp=0x01c2ef54)
0x01c2ef54:   01c36850 01c3c000 6311f9ed 380f16e6
0x01c2ef64:   000000b5 01c3c000 631e5e03 01c3c808
0x01c2ef74:   ffffffff 01c2ef88 6311e4df 01c3c808
0x01c2ef84:   ffffffff 01c2efd0 6312093e 01c3c7fc
0x01c2ef94:   01c3c804 01c3c3e0 01c3c3e8 01c3c7d4
0x01c2efa4:   000003ec 01c2f12c 63106808 00000428
0x01c2efb4:   00000000 01c2efc8 39677608 00000000
0x01c2efc4:   0100f004 01e80634 01c2efe0 630ff168 

Instructions: (pc=0x6316ccd4)
0x6316ccb4:   5e 5f 5d c2 08 00 8b 45 08 5f 5d c2 08 00 cc cc
0x6316ccc4:   cc cc cc cc cc cc cc cc cc cc cc cc 56 57 8b f1
0x6316ccd4:   0f b7 7e 08 47 6a 00 57 e8 2f eb fc ff 83 c4 08
0x6316cce4:   85 ff 7e 29 0f b7 4e 08 8d 57 ff 3b d1 7c 02 8b 


Register to memory mapping:

EAX=0x01c3c7d4 is an unknown value
EBX=0x00000000 is an unknown value
ECX=0x00000000 is an unknown value
EDX=0x39677608 is an unknown value
ESP=0x01c2ef54 is pointing into the stack for thread: 0x01c3c000
EBP=0x01c2f094 is pointing into the stack for thread: 0x01c3c000
ESI=0x00000000 is an unknown value
EDI=0x01c36850 is an unknown value


Stack: [0x01be0000,0x01c30000],  sp=0x01c2ef54,  free space=315k
Native frames: (J=compiled Java code, j=interpreted, Vv=VM code, C=native code)
V  [jvm.dll+0xbccd4]
V  [jvm.dll+0x70ee2]
V  [jvm.dll+0x6d069]
j  java.awt.Component.updateGraphicsData(Ljava/awt/GraphicsConfiguration;)Z+6
j  java.awt.Container.updateGraphicsData(Ljava/awt/GraphicsConfiguration;)Z+6
j  java.awt.Component.setGraphicsConfiguration(Ljava/awt/GraphicsConfiguration;)V+9
j  java.awt.Container.addImpl(Ljava/awt/Component;Ljava/lang/Object;I)V+149
j  java.awt.Container.add(Ljava/awt/Component;Ljava/lang/Object;)V+4
j  javax.swing.plaf.basic.BasicOptionPaneUI.createMessageArea()Ljava/awt/Container;+130
j  javax.swing.plaf.basic.BasicOptionPaneUI.installComponents()V+5
j  javax.swing.plaf.basic.BasicOptionPaneUI.installUI(Ljavax/swing/JComponent;)V+24
j  javax.swing.JComponent.setUI(Ljavax/swing/plaf/ComponentUI;)V+39
j  javax.swing.JOptionPane.setUI(Ljavax/swing/plaf/OptionPaneUI;)V+10
j  javax.swing.JOptionPane.updateUI()V+8
j  javax.swing.JOptionPane.<init>(Ljava/lang/Object;IILjavax/swing/Icon;[Ljava/lang/Object;Ljava/lang/Object;)V+52
j  javax.swing.JOptionPane.showOptionDialog(Ljava/awt/Component;Ljava/lang/Object;Ljava/lang/String;IILjavax/swing/Icon;[Ljava/lang/Object;Ljava/lang/Object;)I+14
j  javax.swing.JOptionPane.showMessageDialog(Ljava/awt/Component;Ljava/lang/Object;Ljava/lang/String;ILjavax/swing/Icon;)V+9
j  javax.swing.JOptionPane.showMessageDialog(Ljava/awt/Component;Ljava/lang/Object;Ljava/lang/String;I)V+5
j  ConvertImage.convertImage(Ljava/lang/String;)V+159
j  ConvertImage.main([Ljava/lang/String;)V+40
v  ~StubRoutines::call_stub
V  [jvm.dll+0x13f1fa]
V  [jvm.dll+0x202aee]
V  [jvm.dll+0x13f27d]
V  [jvm.dll+0xc9945]
V  [jvm.dll+0xd45e7]
C  [javaw.exe+0x2070]
C  [javaw.exe+0xa5b1]
C  [javaw.exe+0xa63b]
C  [kernel32.dll+0x51174]
C  [ntdll.dll+0x5b3f5]
C  [ntdll.dll+0x5b3c8]

Java frames: (J=compiled Java code, j=interpreted, Vv=VM code)
j  java.awt.Component.updateGraphicsData(Ljava/awt/GraphicsConfiguration;)Z+6
j  java.awt.Container.updateGraphicsData(Ljava/awt/GraphicsConfiguration;)Z+6
j  java.awt.Component.setGraphicsConfiguration(Ljava/awt/GraphicsConfiguration;)V+9
j  java.awt.Container.addImpl(Ljava/awt/Component;Ljava/lang/Object;I)V+149
j  java.awt.Container.add(Ljava/awt/Component;Ljava/lang/Object;)V+4
j  javax.swing.plaf.basic.BasicOptionPaneUI.createMessageArea()Ljava/awt/Container;+130
j  javax.swing.plaf.basic.BasicOptionPaneUI.installComponents()V+5
j  javax.swing.plaf.basic.BasicOptionPaneUI.installUI(Ljavax/swing/JComponent;)V+24
j  javax.swing.JComponent.setUI(Ljavax/swing/plaf/ComponentUI;)V+39
j  javax.swing.JOptionPane.setUI(Ljavax/swing/plaf/OptionPaneUI;)V+10
j  javax.swing.JOptionPane.updateUI()V+8
j  javax.swing.JOptionPane.<init>(Ljava/lang/Object;IILjavax/swing/Icon;[Ljava/lang/Object;Ljava/lang/Object;)V+52
j  javax.swing.JOptionPane.showOptionDialog(Ljava/awt/Component;Ljava/lang/Object;Ljava/lang/String;IILjavax/swing/Icon;[Ljava/lang/Object;Ljava/lang/Object;)I+14
j  javax.swing.JOptionPane.showMessageDialog(Ljava/awt/Component;Ljava/lang/Object;Ljava/lang/String;ILjavax/swing/Icon;)V+9
j  javax.swing.JOptionPane.showMessageDialog(Ljava/awt/Component;Ljava/lang/Object;Ljava/lang/String;I)V+5
j  ConvertImage.convertImage(Ljava/lang/String;)V+159
j  ConvertImage.main([Ljava/lang/String;)V+40
v  ~StubRoutines::call_stub

---------------  P R O C E S S  ---------------

Java Threads: ( => current thread )
  0x04375c00 JavaThread "Image Fetcher 0" daemon [_thread_blocked, id=5444, stack(0x040a0000,0x040f0000)]
  0x04368400 JavaThread "AWT-Windows" daemon [_thread_in_native, id=3256, stack(0x041b0000,0x04200000)]
  0x04368000 JavaThread "AWT-Shutdown" [_thread_blocked, id=4484, stack(0x046d0000,0x04720000)]
  0x04361000 JavaThread "Java2D Disposer" daemon [_thread_blocked, id=3772, stack(0x04580000,0x045d0000)]
  0x01b62800 JavaThread "Service Thread" daemon [_thread_blocked, id=5020, stack(0x04200000,0x04250000)]
  0x01b42c00 JavaThread "C1 CompilerThread0" daemon [_thread_blocked, id=4568, stack(0x040f0000,0x04140000)]
  0x01b41800 JavaThread "Attach Listener" daemon [_thread_blocked, id=4344, stack(0x03f60000,0x03fb0000)]
  0x01b3e800 JavaThread "Signal Dispatcher" daemon [_thread_blocked, id=5868, stack(0x04050000,0x040a0000)]
  0x01ad4c00 JavaThread "Finalizer" daemon [_thread_blocked, id=4860, stack(0x01dd0000,0x01e20000)]
  0x01acf800 JavaThread "Reference Handler" daemon [_thread_blocked, id=5664, stack(0x03f10000,0x03f60000)]
=>0x01c3c000 JavaThread "main" [_thread_in_vm, id=4384, stack(0x01be0000,0x01c30000)]

Other Threads:
  0x01ace400 VMThread [stack: 0x03fb0000,0x04000000] [id=5896]
  0x01b7e400 WatcherThread [stack: 0x03e70000,0x03ec0000] [id=2520]

VM state:not at safepoint (normal execution)

VM Mutex/Monitor currently owned by a thread: None

Heap
 def new generation   total 4928K, used 1976K [0x24060000, 0x245b0000, 0x295b0000)
  eden space 4416K,  42% used [0x24060000, 0x2423a1a0, 0x244b0000)
  from space 512K,  15% used [0x244b0000, 0x244c3f18, 0x24530000)
  to   space 512K,   0% used [0x24530000, 0x24530000, 0x245b0000)
 tenured generation   total 10944K, used 1480K [0x295b0000, 0x2a060000, 0x34060000)
   the space 10944K,  13% used [0x295b0000, 0x29722030, 0x29722200, 0x2a060000)
 compacting perm gen  total 12288K, used 862K [0x34060000, 0x34c60000, 0x38060000)
   the space 12288K,   7% used [0x34060000, 0x341379b8, 0x34137a00, 0x34c60000)
    ro space 10240K,  41% used [0x38060000, 0x38491a78, 0x38491c00, 0x38a60000)
    rw space 12288K,  52% used [0x38a60000, 0x390a62c0, 0x390a6400, 0x39660000)

Card table byte_map: [0x01cc0000,0x01d70000] byte_map_base: 0x01b9fd00

Polling page: 0x00480000

Code Cache  [0x01e70000, 0x01f38000, 0x03e70000)
 total_blobs=270 nmethods=85 adapters=122 free_code_cache=31981Kb largest_free_block=32749440

Compilation events (10 events):
Event: 0.772 Thread 0x01b42c00 nmethod 80 0x01f31188 code [0x01f31280, 0x01f312f0]
Event: 0.780 Thread 0x01b42c00   81             java.util.HashMap::hash (55 bytes)
Event: 0.781 Thread 0x01b42c00 nmethod 81 0x01f31708 code [0x01f31830, 0x01f319f8]
Event: 0.782 Thread 0x01b42c00   82             java.util.HashMap::transfer (115 bytes)
Event: 0.782 Thread 0x01b42c00 nmethod 82 0x01f31fc8 code [0x01f320e0, 0x01f322dc]
Event: 0.782 Thread 0x01b42c00   83             java.util.HashMap::put (142 bytes)
Event: 0.783 Thread 0x01b42c00 nmethod 83 0x01f32548 code [0x01f326a0, 0x01f328c8]
Event: 0.784 Thread 0x01b42c00   84             java.lang.String::replace (127 bytes)
Event: 0.784 Thread 0x01b42c00 nmethod 84 0x01f32ac8 code [0x01f32be0, 0x01f32e50]
Event: 0.795 Thread 0x01b42c00   85             sun.awt.image.PNGImageDecoder::filterRow (459 bytes)

GC Heap History (4 events):
Event: 0.485 GC heap before
{Heap before GC invocations=0 (full 0):
 def new generation   total 4928K, used 4416K [0x24060000, 0x245b0000, 0x295b0000)
  eden space 4416K, 100% used [0x24060000, 0x244b0000, 0x244b0000)
  from space 512K,   0% used [0x244b0000, 0x244b0000, 0x24530000)
  to   space 512K,   0% used [0x24530000, 0x24530000, 0x245b0000)
 tenured generation   total 10944K, used 0K [0x295b0000, 0x2a060000, 0x34060000)
   the space 10944K,   0% used [0x295b0000, 0x295b0000, 0x295b0200, 0x2a060000)
 compacting perm gen  total 12288K, used 520K [0x34060000, 0x34c60000, 0x38060000)
   the space 12288K,   4% used [0x34060000, 0x340e2250, 0x340e2400, 0x34c60000)
    ro space 10240K,  41% used [0x38060000, 0x38491a78, 0x38491c00, 0x38a60000)
    rw space 12288K,  52% used [0x38a60000, 0x390a62c0, 0x390a6400, 0x39660000)
Event: 0.489 GC heap after
Heap after GC invocations=1 (full 0):
 def new generation   total 4928K, used 258K [0x24060000, 0x245b0000, 0x295b0000)
  eden space 4416K,   0% used [0x24060000, 0x24060000, 0x244b0000)
  from space 512K,  50% used [0x24530000, 0x24570990, 0x245b0000)
  to   space 512K,   0% used [0x244b0000, 0x244b0000, 0x24530000)
 tenured generation   total 10944K, used 537K [0x295b0000, 0x2a060000, 0x34060000)
   the space 10944K,   4% used [0x295b0000, 0x29636550, 0x29636600, 0x2a060000)
 compacting perm gen  total 12288K, used 520K [0x34060000, 0x34c60000, 0x38060000)
   the space 12288K,   4% used [0x34060000, 0x340e2250, 0x340e2400, 0x34c60000)
    ro space 10240K,  41% used [0x38060000, 0x38491a78, 0x38491c00, 0x38a60000)
    rw space 12288K,  52% used [0x38a60000, 0x390a62c0, 0x390a6400, 0x39660000)
}
Event: 0.730 GC heap before
{Heap before GC invocations=1 (full 0):
 def new generation   total 4928K, used 4674K [0x24060000, 0x245b0000, 0x295b0000)
  eden space 4416K, 100% used [0x24060000, 0x244b0000, 0x244b0000)
  from space 512K,  50% used [0x24530000, 0x24570990, 0x245b0000)
  to   space 512K,   0% used [0x244b0000, 0x244b0000, 0x24530000)
 tenured generation   total 10944K, used 537K [0x295b0000, 0x2a060000, 0x34060000)
   the space 10944K,   4% used [0x295b0000, 0x29636550, 0x29636600, 0x2a060000)
 compacting perm gen  total 12288K, used 712K [0x34060000, 0x34c60000, 0x38060000)
   the space 12288K,   5% used [0x34060000, 0x34112388, 0x34112400, 0x34c60000)
    ro space 10240K,  41% used [0x38060000, 0x38491a78, 0x38491c00, 0x38a60000)
    rw space 12288K,  52% used [0x38a60000, 0x390a62c0, 0x390a6400, 0x39660000)
Event: 0.734 GC heap after
Heap after GC invocations=2 (full 0):
 def new generation   total 4928K, used 79K [0x24060000, 0x245b0000, 0x295b0000)
  eden space 4416K,   0% used [0x24060000, 0x24060000, 0x244b0000)
  from space 512K,  15% used [0x244b0000, 0x244c3f18, 0x24530000)
  to   space 512K,   0% used [0x24530000, 0x24530000, 0x245b0000)
 tenured generation   total 10944K, used 1480K [0x295b0000, 0x2a060000, 0x34060000)
   the space 10944K,  13% used [0x295b0000, 0x29722030, 0x29722200, 0x2a060000)
 compacting perm gen  total 12288K, used 712K [0x34060000, 0x34c60000, 0x38060000)
   the space 12288K,   5% used [0x34060000, 0x34112388, 0x34112400, 0x34c60000)
    ro space 10240K,  41% used [0x38060000, 0x38491a78, 0x38491c00, 0x38a60000)
    rw space 12288K,  52% used [0x38a60000, 0x390a62c0, 0x390a6400, 0x39660000)
}

Deoptimization events (0 events):
No events

Internal exceptions (10 events):
Event: 0.686 Thread 0x01c3c000 Threw 0x24303598 at C:\re\jdk7u45\229\hotspot\src\share\vm\prims\jni.cpp:717
Event: 0.686 Thread 0x01c3c000 Threw 0x24303700 at C:\re\jdk7u45\229\hotspot\src\share\vm\prims\jni.cpp:717
Event: 0.698 Thread 0x01c3c000 Threw 0x24307f08 at C:\re\jdk7u45\229\hotspot\src\share\vm\prims\jni.cpp:717
Event: 0.750 Thread 0x01c3c000 Threw 0x241cee80 at C:\re\jdk7u45\229\hotspot\src\share\vm\prims\jni.cpp:717
Event: 0.750 Thread 0x01c3c000 Threw 0x241cf018 at C:\re\jdk7u45\229\hotspot\src\share\vm\prims\jni.cpp:717
Event: 0.750 Thread 0x01c3c000 Threw 0x241cf180 at C:\re\jdk7u45\229\hotspot\src\share\vm\prims\jni.cpp:717
Event: 0.780 Thread 0x01c3c000 Threw 0x241fdb10 at C:\re\jdk7u45\229\hotspot\src\share\vm\prims\jvm.cpp:1244
Event: 0.780 Thread 0x01c3c000 Threw 0x241fe000 at C:\re\jdk7u45\229\hotspot\src\share\vm\prims\jvm.cpp:1244
Event: 0.781 Thread 0x01c3c000 Threw 0x242010a0 at C:\re\jdk7u45\229\hotspot\src\share\vm\prims\jvm.cpp:1244
Event: 0.781 Thread 0x01c3c000 Threw 0x24201590 at C:\re\jdk7u45\229\hotspot\src\share\vm\prims\jvm.cpp:1244

Events (10 events):
Event: 0.791 loading class 0x3974fdc0 done
Event: 0.791 loading class 0x04344918
Event: 0.791 loading class 0x04344918 done
Event: 0.791 loading class 0x397033c8
Event: 0.791 loading class 0x397033c8 done
Event: 0.793 Thread 0x04375c00 Thread added: 0x04375c00
Event: 0.793 loading class 0x3974fde8
Event: 0.793 loading class 0x3974fde8 done
Event: 0.794 loading class 0x3975ba20
Event: 0.795 loading class 0x3975ba20 done


Dynamic libraries:
0x01330000 - 0x0135f000 	C:\Program Files\Java\jre7\bin\javaw.exe
0x77430000 - 0x7756c000 	C:\Windows\SYSTEM32\ntdll.dll
0x75e20000 - 0x75ef4000 	C:\Windows\system32\kernel32.dll
0x75830000 - 0x7587a000 	C:\Windows\system32\KERNELBASE.dll
0x77390000 - 0x77430000 	C:\Windows\system32\ADVAPI32.dll
0x775b0000 - 0x7765c000 	C:\Windows\system32\msvcrt.dll
0x77100000 - 0x77119000 	C:\Windows\SYSTEM32\sechost.dll
0x76e40000 - 0x76ee1000 	C:\Windows\system32\RPCRT4.dll
0x76ef0000 - 0x76fb9000 	C:\Windows\system32\USER32.dll
0x75f00000 - 0x75f4e000 	C:\Windows\system32\GDI32.dll
0x77120000 - 0x7712a000 	C:\Windows\system32\LPK.dll
0x75a90000 - 0x75b2d000 	C:\Windows\system32\USP10.dll
0x75220000 - 0x753be000 	C:\Windows\WinSxS\x86_microsoft.windows.common-controls_6595b64144ccf1df_6.0.7600.16385_none_421189da2b7fabfc\COMCTL32.dll
0x75f50000 - 0x75fa7000 	C:\Windows\system32\SHLWAPI.dll
0x75e00000 - 0x75e1f000 	C:\Windows\system32\IMM32.DLL
0x76120000 - 0x761ec000 	C:\Windows\system32\MSCTF.dll
0x10000000 - 0x10058000 	C:\Windows\system32\guard32.dll
0x75560000 - 0x75569000 	C:\Windows\system32\VERSION.dll
0x75550000 - 0x75557000 	C:\Windows\system32\fltlib.dll
0x6b280000 - 0x6b33f000 	C:\Program Files\Java\jre7\bin\msvcr100.dll
0x630b0000 - 0x63430000 	C:\Program Files\Java\jre7\bin\client\jvm.dll
0x732d0000 - 0x732d7000 	C:\Windows\system32\WSOCK32.dll
0x76040000 - 0x76075000 	C:\Windows\system32\WS2_32.dll
0x77570000 - 0x77576000 	C:\Windows\system32\NSI.dll
0x74150000 - 0x74182000 	C:\Windows\system32\WINMM.dll
0x75a80000 - 0x75a85000 	C:\Windows\system32\PSAPI.DLL
0x735a0000 - 0x735ac000 	C:\Program Files\Java\jre7\bin\verify.dll
0x72da0000 - 0x72dc0000 	C:\Program Files\Java\jre7\bin\java.dll
0x72d80000 - 0x72d93000 	C:\Program Files\Java\jre7\bin\zip.dll
0x6ab50000 - 0x6ac93000 	C:\Program Files\Java\jre7\bin\awt.dll
0x76080000 - 0x7610f000 	C:\Windows\system32\OLEAUT32.dll
0x77130000 - 0x7728c000 	C:\Windows\system32\ole32.dll
0x01460000 - 0x01485000 	C:\Program Files\Java\jre7\bin\jpeg.dll
0x01ba0000 - 0x01bcd000 	C:\Program Files\Java\jre7\bin\kcms.dll
0x73e80000 - 0x73e93000 	C:\Windows\system32\DWMAPI.DLL
0x73ea0000 - 0x73ee0000 	C:\Windows\system32\uxtheme.dll
0x754a0000 - 0x754ac000 	C:\Windows\system32\CRYPTBASE.dll
0x761f0000 - 0x76e39000 	C:\Windows\system32\SHELL32.dll
0x744f0000 - 0x745db000 	C:\Windows\system32\dbghelp.dll

VM Arguments:
java_command: C:\Users\mcruz\Documents\GitHub\Promto-Autohotkey\Lib\ConvertImage.jar
Launcher Type: SUN_STANDARD

Environment Variables:
JAVA_HOME=c:\jruby-1.7.4\jre
PATH=C:\Windows\system32;C:\Windows;C:\Windows\System32\Wbem;C:\Windows\System32\WindowsPowerShell\v1.0\;C:\Program Files\Git\cmd;c:\jruby-1.7.4\bin;C:\Program Files\Common Files\Shoes\0.r1514\..;C:\Dropbox\Sublime;C:\Program Files\Java\jdk1.7.0_45\bin
USERNAME=mcruz
OS=Windows_NT
PROCESSOR_IDENTIFIER=x86 Family 6 Model 15 Stepping 13, GenuineIntel



---------------  S Y S T E M  ---------------

OS: Windows 7 Build 7600 

CPU:total 2 (2 cores per cpu, 1 threads per core) family 6 model 15 stepping 13, cmov, cx8, fxsr, mmx, sse, sse2, sse3, ssse3, tsc

Memory: 4k page, physical 3396784k(1143808k free), swap 6791804k(4140068k free)

vm_info: Java HotSpot(TM) Client VM (24.45-b08) for windows-x86 JRE (1.7.0_45-b18), built on Oct  8 2013 06:02:43 by "java_re" with unknown MS VC++:1600

time: Wed Feb 19 16:22:59 2014
elapsed time: 0 seconds

